#
# There is insufficient memory for the Java Runtime Environment to continue.
# Native memory allocation (malloc) failed to allocate 1484496 bytes. Error detail: Chunk::new
# Possible reasons:
#   The system is out of physical RAM or swap space
#   This process is running with CompressedOops enabled, and the Java Heap may be blocking the growth of the native heap
# Possible solutions:
#   Reduce memory load on the system
#   Increase physical memory or swap space
#   Check if swap backing store is full
#   Decrease Java heap size (-Xmx/-Xms)
#   Decrease number of Java threads
#   Decrease Java thread stack sizes (-Xss)
#   Set larger code cache with -XX:ReservedCodeCacheSize=
#   JVM is running with Unscaled Compressed Oops mode in which the Java heap is
#     placed in the first 4GB address space. The Java Heap base address is the
#     maximum limit for the native heap growth. Please use -XX:HeapBaseMinAddress
#     to set the Java Heap base and to place the Java Heap above 4GB virtual address.
# This output file may be truncated or incomplete.
#
#  Out of Memory Error (arena.cpp:168), pid=21480, tid=38648
#
# JRE version: OpenJDK Runtime Environment Temurin-21.0.10+7 (21.0.10+7) (build 21.0.10+7-LTS)
# Java VM: OpenJDK 64-Bit Server VM Temurin-21.0.10+7 (21.0.10+7-LTS, mixed mode, sharing, tiered, compressed oops, compressed class ptrs, parallel gc, windows-amd64)
# No core dump will be written. Minidumps are not enabled by default on client versions of Windows
#

---------------  S U M M A R Y ------------

Command Line: --add-modules=ALL-SYSTEM --add-opens=java.base/java.util=ALL-UNNAMED --add-opens=java.base/java.lang=ALL-UNNAMED --add-opens=java.base/sun.nio.fs=ALL-UNNAMED -Declipse.application=org.eclipse.jdt.ls.core.id1 -Dosgi.bundles.defaultStartLevel=4 -Declipse.product=org.eclipse.jdt.ls.core.product -Djava.import.generatesMetadataFilesAtProjectRoot=false -DDetectVMInstallationsJob.disabled=true -Dfile.encoding=utf8 -XX:+UseParallelGC -XX:GCTimeRatio=4 -XX:AdaptiveSizePolicyWeight=90 -Dsun.zip.disableMemoryMapping=true -Xmx2G -Xms100m -Xlog:disable -javaagent:c:\Users\User\.vscode\extensions\redhat.java-1.54.2026040108-win32-x64\lombok\lombok-1.18.39-4050.jar -XX:+HeapDumpOnOutOfMemoryError -XX:HeapDumpPath=c:\Users\User\AppData\Roaming\Code\User\workspaceStorage\74d50dded580b8e8acf5af71cee718b3\redhat.java -Daether.dependencyCollector.impl=bf -XX:+UnlockDiagnosticVMOptions -XX:+AllowArchivingWithJavaAgent -XX:+AutoCreateSharedArchive -XX:SharedArchiveFile=c:\Users\User\AppData\Roaming\Code\User\globalStorage\redhat.java\1.54.2026040108\jdtls.jsa c:\Users\User\.vscode\extensions\redhat.java-1.54.2026040108-win32-x64\server\plugins\org.eclipse.equinox.launcher_1.7.100.v20251111-0406.jar -configuration c:\Users\User\AppData\Roaming\Code\User\globalStorage\redhat.java\1.54.2026040108\config_win -data c:\Users\User\AppData\Roaming\Code\User\workspaceStorage\74d50dded580b8e8acf5af71cee718b3\redhat.java\jdt_ws --pipe=\\.\pipe\lsp-08fa1cc165caf64f943f618fb18e234b-sock

Host: Intel(R) Core(TM) i5-14450HX, 16 cores, 15G,  Windows 11 , 64 bit Build 26100 (10.0.26100.7920)
Time: Sat Apr 11 15:12:33 2026 Malay Peninsula Standard Time elapsed time: 2077.946351 seconds (0d 0h 34m 37s)

---------------  T H R E A D  ---------------

Current thread (0x0000024014089020):  JavaThread "C2 CompilerThread0" daemon [_thread_in_native, id=38648, stack(0x00000049c8300000,0x00000049c8400000) (1024K)]


Current CompileTask:
C2:2077946 19235   !   4       java.io.ObjectOutputStream::writeObject0 (620 bytes)

Stack: [0x00000049c8300000,0x00000049c8400000]
Native frames: (J=compiled Java code, j=interpreted, Vv=VM code, C=native code)
V  [jvm.dll+0x6d7a39]
V  [jvm.dll+0x8b4b26]
V  [jvm.dll+0x8b70de]
V  [jvm.dll+0x8b77c3]
V  [jvm.dll+0x284346]
V  [jvm.dll+0xc66ed]
V  [jvm.dll+0xc6c31]
V  [jvm.dll+0x3bec01]
V  [jvm.dll+0x38b162]
V  [jvm.dll+0x38a5aa]
V  [jvm.dll+0x24c560]
V  [jvm.dll+0x24bb40]
V  [jvm.dll+0x1cb34e]
V  [jvm.dll+0x25b85d]
V  [jvm.dll+0x259dea]
V  [jvm.dll+0x3f857e]
V  [jvm.dll+0x85f59d]
V  [jvm.dll+0x6d626d]
C  [ucrtbase.dll+0x37b0]
C  [KERNEL32.DLL+0x2e8d7]
C  [ntdll.dll+0x8c48c]


---------------  P R O C E S S  ---------------

Threads class SMR info:
_java_thread_list=0x000002401d4ab970, length=59, elements={
0x0000023fb62b0d20, 0x0000023fb623ed20, 0x0000023fb6240a50, 0x0000023fb6247db0,
0x0000023fb6249e80, 0x0000023fb6247720, 0x0000023fb6246a00, 0x0000024014089020,
0x00000240140896d0, 0x0000023fb6248440, 0x0000023fb6248ad0, 0x0000023fb6249160,
0x0000023fb62497f0, 0x0000023fb6247090, 0x000002401a000760, 0x000002401a002830,
0x000002401a0021a0, 0x000002401a002ec0, 0x000002401a003550, 0x000002401a003be0,
0x000002401a001480, 0x000002401a007060, 0x000002401a004f90, 0x000002401a004900,
0x000002401a005620, 0x000002401a005cb0, 0x000002401a006340, 0x000002401a0069d0,
0x000002401a0076f0, 0x000002401c276e00, 0x000002401c274010, 0x000002401c2746a0,
0x000002401c2753c0, 0x000002401c277490, 0x000002401c277b20, 0x000002401c2781b0,
0x000002401c276770, 0x000002401c274d30, 0x000002401c275a50, 0x000002401c279560,
0x000002401e3f0c80, 0x000002401e3f2030, 0x000002401e3f05f0, 0x000002401e3f4100,
0x000002401e3f26c0, 0x000002401e3f1310, 0x000002401aa4de00, 0x000002401aa4b010,
0x000002401aa4ca50, 0x000002401bc33910, 0x000002401bc34630, 0x000002401bc31840,
0x000002401bc31ed0, 0x000002401bc33280, 0x000002401c27a910, 0x000002401aa4bd30,
0x000002401a069a60, 0x000002401bc2e3c0, 0x000002401bc2d010
}

Java Threads: ( => current thread )
  0x0000023fb62b0d20 JavaThread "main"                              [_thread_blocked, id=22152, stack(0x00000049c7900000,0x00000049c7a00000) (1024K)]
  0x0000023fb623ed20 JavaThread "Reference Handler"          daemon [_thread_blocked, id=31516, stack(0x00000049c7d00000,0x00000049c7e00000) (1024K)]
  0x0000023fb6240a50 JavaThread "Finalizer"                  daemon [_thread_blocked, id=34688, stack(0x00000049c7e00000,0x00000049c7f00000) (1024K)]
  0x0000023fb6247db0 JavaThread "Signal Dispatcher"          daemon [_thread_blocked, id=20064, stack(0x00000049c7f00000,0x00000049c8000000) (1024K)]
  0x0000023fb6249e80 JavaThread "Attach Listener"            daemon [_thread_blocked, id=38624, stack(0x00000049c8000000,0x00000049c8100000) (1024K)]
  0x0000023fb6247720 JavaThread "Service Thread"             daemon [_thread_blocked, id=36928, stack(0x00000049c8100000,0x00000049c8200000) (1024K)]
  0x0000023fb6246a00 JavaThread "Monitor Deflation Thread"   daemon [_thread_blocked, id=32320, stack(0x00000049c8200000,0x00000049c8300000) (1024K)]
=>0x0000024014089020 JavaThread "C2 CompilerThread0"         daemon [_thread_in_native, id=38648, stack(0x00000049c8300000,0x00000049c8400000) (1024K)]
  0x00000240140896d0 JavaThread "C1 CompilerThread0"         daemon [_thread_blocked, id=15088, stack(0x00000049c8400000,0x00000049c8500000) (1024K)]
  0x0000023fb6248440 JavaThread "Common-Cleaner"             daemon [_thread_blocked, id=21448, stack(0x00000049c8700000,0x00000049c8800000) (1024K)]
  0x0000023fb6248ad0 JavaThread "Notification Thread"        daemon [_thread_blocked, id=31164, stack(0x00000049c8900000,0x00000049c8a00000) (1024K)]
  0x0000023fb6249160 JavaThread "Active Thread: Equinox Container: 27267f73-20cd-47e9-a66c-5d4f1d6ad1e7"        [_thread_blocked, id=14836, stack(0x00000049c9300000,0x00000049c9400000) (1024K)]
  0x0000023fb62497f0 JavaThread "Refresh Thread: Equinox Container: 27267f73-20cd-47e9-a66c-5d4f1d6ad1e7" daemon [_thread_blocked, id=10624, stack(0x00000049c8600000,0x00000049c8700000) (1024K)]
  0x0000023fb6247090 JavaThread "Framework Event Dispatcher: Equinox Container: 27267f73-20cd-47e9-a66c-5d4f1d6ad1e7" daemon [_thread_blocked, id=17096, stack(0x00000049c8a00000,0x00000049c8b00000) (1024K)]
  0x000002401a000760 JavaThread "Start Level: Equinox Container: 27267f73-20cd-47e9-a66c-5d4f1d6ad1e7" daemon [_thread_blocked, id=38180, stack(0x00000049c9100000,0x00000049c9200000) (1024K)]
  0x000002401a002830 JavaThread "Bundle File Closer"         daemon [_thread_blocked, id=25620, stack(0x00000049c9600000,0x00000049c9700000) (1024K)]
  0x000002401a0021a0 JavaThread "SCR Component Actor"        daemon [_thread_blocked, id=37776, stack(0x00000049c8500000,0x00000049c8600000) (1024K)]
  0x000002401a002ec0 JavaThread "Worker-JM"                         [_thread_blocked, id=23996, stack(0x00000049c9c00000,0x00000049c9d00000) (1024K)]
  0x000002401a003550 JavaThread "JNA Cleaner"                daemon [_thread_blocked, id=12960, stack(0x00000049c9900000,0x00000049c9a00000) (1024K)]
  0x000002401a003be0 JavaThread "Java indexing"              daemon [_thread_blocked, id=15716, stack(0x00000049ca200000,0x00000049ca300000) (1024K)]
  0x000002401a001480 JavaThread "Thread-1"                   daemon [_thread_in_native, id=14396, stack(0x00000049ca800000,0x00000049ca900000) (1024K)]
  0x000002401a007060 JavaThread "Thread-2"                   daemon [_thread_in_native, id=12708, stack(0x00000049ca900000,0x00000049caa00000) (1024K)]
  0x000002401a004f90 JavaThread "Thread-3"                   daemon [_thread_in_native, id=10684, stack(0x00000049caa00000,0x00000049cab00000) (1024K)]
  0x000002401a004900 JavaThread "Thread-4"                   daemon [_thread_in_native, id=17256, stack(0x00000049cab00000,0x00000049cac00000) (1024K)]
  0x000002401a005620 JavaThread "Thread-5"                   daemon [_thread_in_native, id=37632, stack(0x00000049cac00000,0x00000049cad00000) (1024K)]
  0x000002401a005cb0 JavaThread "Thread-6"                   daemon [_thread_in_native, id=38260, stack(0x00000049cad00000,0x00000049cae00000) (1024K)]
  0x000002401a006340 JavaThread "Thread-7"                   daemon [_thread_in_native, id=39464, stack(0x00000049cae00000,0x00000049caf00000) (1024K)]
  0x000002401a0069d0 JavaThread "Thread-8"                   daemon [_thread_in_native, id=6176, stack(0x00000049caf00000,0x00000049cb000000) (1024K)]
  0x000002401a0076f0 JavaThread "Thread-9"                   daemon [_thread_in_native, id=31232, stack(0x00000049cb000000,0x00000049cb100000) (1024K)]
  0x000002401c276e00 JavaThread "Thread-10"                  daemon [_thread_in_native, id=29532, stack(0x00000049cb100000,0x00000049cb200000) (1024K)]
  0x000002401c274010 JavaThread "Thread-11"                  daemon [_thread_in_native, id=40492, stack(0x00000049cb200000,0x00000049cb300000) (1024K)]
  0x000002401c2746a0 JavaThread "Thread-12"                  daemon [_thread_in_native, id=18460, stack(0x00000049cb300000,0x00000049cb400000) (1024K)]
  0x000002401c2753c0 JavaThread "Thread-13"                  daemon [_thread_in_native, id=19728, stack(0x00000049cb400000,0x00000049cb500000) (1024K)]
  0x000002401c277490 JavaThread "Thread-14"                  daemon [_thread_in_native, id=38176, stack(0x00000049cb500000,0x00000049cb600000) (1024K)]
  0x000002401c277b20 JavaThread "Thread-15"                  daemon [_thread_in_native, id=31528, stack(0x00000049cb600000,0x00000049cb700000) (1024K)]
  0x000002401c2781b0 JavaThread "Thread-16"                  daemon [_thread_in_native, id=10640, stack(0x00000049cb700000,0x00000049cb800000) (1024K)]
  0x000002401c276770 JavaThread "Thread-17"                  daemon [_thread_in_native, id=17236, stack(0x00000049cb800000,0x00000049cb900000) (1024K)]
  0x000002401c274d30 JavaThread "pool-2-thread-1"                   [_thread_blocked, id=24264, stack(0x00000049cb900000,0x00000049cba00000) (1024K)]
  0x000002401c275a50 JavaThread "WorkspaceEventsHandler"            [_thread_blocked, id=6240, stack(0x00000049cbe00000,0x00000049cbf00000) (1024K)]
  0x000002401c279560 JavaThread "pool-1-thread-1"                   [_thread_blocked, id=30300, stack(0x00000049cbf00000,0x00000049cc000000) (1024K)]
  0x000002401e3f0c80 JavaThread "Cleaner-0"                  daemon [_thread_blocked, id=40824, stack(0x00000049ccf00000,0x00000049cd000000) (1024K)]
  0x000002401e3f2030 JavaThread "Java Debug Server"          daemon [_thread_in_native, id=35932, stack(0x00000049ccd00000,0x00000049cce00000) (1024K)]
  0x000002401e3f05f0 JavaThread "pool-4-thread-1"                   [_thread_in_native, id=30848, stack(0x00000049cce00000,0x00000049ccf00000) (1024K)]
  0x000002401e3f4100 JavaThread "RxSchedulerPurge-1"         daemon [_thread_blocked, id=25796, stack(0x00000049cd000000,0x00000049cd100000) (1024K)]
  0x000002401e3f26c0 JavaThread "RxCachedWorkerPoolEvictor-1" daemon [_thread_blocked, id=16612, stack(0x00000049cd100000,0x00000049cd200000) (1024K)]
  0x000002401e3f1310 JavaThread "process reaper (pid 24216)" daemon [_thread_in_native, id=18880, stack(0x00000049c7330000,0x00000049c7350000) (128K)]
  0x000002401aa4de00 JavaThread "ForkJoinPool.commonPool-worker-16" daemon [_thread_blocked, id=1332, stack(0x00000049cbb00000,0x00000049cbc00000) (1024K)]
  0x000002401aa4b010 JavaThread "ForkJoinPool.commonPool-worker-17" daemon [_thread_blocked, id=35308, stack(0x00000049cbd00000,0x00000049cbe00000) (1024K)]
  0x000002401aa4ca50 JavaThread "ForkJoinPool.commonPool-worker-19" daemon [_thread_blocked, id=39948, stack(0x00000049c9b00000,0x00000049c9c00000) (1024K)]
  0x000002401bc33910 JavaThread "ForkJoinPool.commonPool-worker-22" daemon [_thread_blocked, id=4180, stack(0x00000049ca100000,0x00000049ca200000) (1024K)]
  0x000002401bc34630 JavaThread "ForkJoinPool.commonPool-worker-23" daemon [_thread_blocked, id=35904, stack(0x00000049ca400000,0x00000049ca500000) (1024K)]
  0x000002401bc31840 JavaThread "ForkJoinPool.commonPool-worker-25" daemon [_thread_blocked, id=15016, stack(0x00000049cba00000,0x00000049cbb00000) (1024K)]
  0x000002401bc31ed0 JavaThread "ForkJoinPool.commonPool-worker-28" daemon [_thread_blocked, id=30704, stack(0x00000049c7800000,0x00000049c7900000) (1024K)]
  0x000002401bc33280 JavaThread "ForkJoinPool.commonPool-worker-27" daemon [_thread_blocked, id=1352, stack(0x00000049c9700000,0x00000049c9800000) (1024K)]
  0x000002401c27a910 JavaThread "ForkJoinPool.commonPool-worker-29" daemon [_thread_blocked, id=14016, stack(0x00000049c9f00000,0x00000049ca000000) (1024K)]
  0x000002401aa4bd30 JavaThread "ForkJoinPool.commonPool-worker-30" daemon [_thread_blocked, id=23064, stack(0x00000049cbc00000,0x00000049cbd00000) (1024K)]
  0x000002401a069a60 JavaThread "Worker-12"                         [_thread_blocked, id=28536, stack(0x00000049ca500000,0x00000049ca600000) (1024K)]
  0x000002401bc2e3c0 JavaThread "RxNewThreadScheduler-5"     daemon [_thread_blocked, id=25144, stack(0x00000049ca300000,0x00000049ca400000) (1024K)]
  0x000002401bc2d010 JavaThread "Worker-13"                         [_thread_blocked, id=34296, stack(0x00000049c7700000,0x00000049c7800000) (1024K)]
Total: 59

Other Threads:
  0x0000023fb634b780 VMThread "VM Thread"                           [id=1552, stack(0x00000049c7c00000,0x00000049c7d00000) (1024K)]
  0x0000023fb612ca00 WatcherThread "VM Periodic Task Thread"        [id=15596, stack(0x00000049c7b00000,0x00000049c7c00000) (1024K)]
  0x0000023fb62c89a0 WorkerThread "GC Thread#0"                     [id=37360, stack(0x00000049c7a00000,0x00000049c7b00000) (1024K)]
  0x000002401a1f9800 WorkerThread "GC Thread#1"                     [id=22756, stack(0x00000049c8b00000,0x00000049c8c00000) (1024K)]
  0x000002401a5ecb80 WorkerThread "GC Thread#2"                     [id=40300, stack(0x00000049c8c00000,0x00000049c8d00000) (1024K)]
  0x000002401a5e7d20 WorkerThread "GC Thread#3"                     [id=39860, stack(0x00000049c8d00000,0x00000049c8e00000) (1024K)]
  0x000002401a5e84e0 WorkerThread "GC Thread#4"                     [id=6708, stack(0x00000049c8e00000,0x00000049c8f00000) (1024K)]
  0x000002401ab02f10 WorkerThread "GC Thread#5"                     [id=23092, stack(0x00000049c8f00000,0x00000049c9000000) (1024K)]
  0x000002401a93d010 WorkerThread "GC Thread#6"                     [id=34448, stack(0x00000049c9000000,0x00000049c9100000) (1024K)]
  0x000002401a91a0b0 WorkerThread "GC Thread#7"                     [id=21052, stack(0x00000049c8800000,0x00000049c8900000) (1024K)]
  0x000002401ae48940 WorkerThread "GC Thread#8"                     [id=26292, stack(0x00000049c9200000,0x00000049c9300000) (1024K)]
  0x000002401ac715b0 WorkerThread "GC Thread#9"                     [id=32676, stack(0x00000049c9400000,0x00000049c9500000) (1024K)]
  0x000002401ac71960 WorkerThread "GC Thread#10"                    [id=36268, stack(0x00000049c9500000,0x00000049c9600000) (1024K)]
  0x000002401a387cf0 WorkerThread "GC Thread#11"                    [id=1204, stack(0x00000049c9d00000,0x00000049c9e00000) (1024K)]
  0x000002401a3880a0 WorkerThread "GC Thread#12"                    [id=2924, stack(0x00000049c9e00000,0x00000049c9f00000) (1024K)]
Total: 15

Threads with active compile tasks:
C2 CompilerThread0  2078029 19235   !   4       java.io.ObjectOutputStream::writeObject0 (620 bytes)
Total: 1

VM state: not at safepoint (normal execution)

VM Mutex/Monitor currently owned by a thread: None

Heap address: 0x0000000080000000, size: 2048 MB, Compressed Oops mode: 32-bit

CDS archive(s) mapped at: [0x0000023fcd000000-0x0000023fcdba0000-0x0000023fd2250000), size 86310912, SharedBaseAddress: 0x0000023fcd000000, ArchiveRelocationMode: 1.
Compressed class space mapped at: 0x0000023fd3000000-0x0000024013000000, reserved size: 1073741824
Narrow klass base: 0x0000023fcd000000, Narrow klass shift: 0, Narrow klass range: 0x100000000

GC Precious Log:
 CardTable entry size: 512
 CPUs: 16 total, 16 available
 Memory: 16088M
 Large Page Support: Disabled
 NUMA Support: Disabled
 Compressed Oops: Enabled (32-bit)
 Alignments: Space 512K, Generation 512K, Heap 2M
 Heap Min Capacity: 100M
 Heap Initial Capacity: 100M
 Heap Max Capacity: 2G
 Pre-touch: Disabled
 Parallel Workers: 13

Heap:
 PSYoungGen      total 4608K, used 1786K [0x00000000d5580000, 0x00000000d5c80000, 0x0000000100000000)
  eden space 4096K, 31% used [0x00000000d5580000,0x00000000d56c40c8,0x00000000d5980000)
  from space 512K, 95% used [0x00000000d5c00000,0x00000000d5c7a910,0x00000000d5c80000)
  to   space 1024K, 0% used [0x00000000d5a80000,0x00000000d5a80000,0x00000000d5b80000)
 ParOldGen       total 375296K, used 374828K [0x0000000080000000, 0x0000000096e80000, 0x00000000d5580000)
  object space 375296K, 99% used [0x0000000080000000,0x0000000096e0b320,0x0000000096e80000)
 Metaspace       used 37652K, committed 39040K, reserved 1114112K
  class space    used 3446K, committed 4032K, reserved 1048576K

Card table byte_map: [0x0000023fb5c40000,0x0000023fb6050000] _byte_map_base: 0x0000023fb5840000

Marking Bits: (ParMarkBitMap*) 0x00007ffff5583450
 Begin Bits: [0x0000023fc8750000, 0x0000023fca750000)
 End Bits:   [0x0000023fca750000, 0x0000023fcc750000)

Polling page: 0x0000023fb40b0000

Metaspace:

Usage:
  Non-class:     33.40 MB used.
      Class:      3.37 MB used.
       Both:     36.77 MB used.

Virtual space:
  Non-class space:       64.00 MB reserved,      34.19 MB ( 53%) committed,  1 nodes.
      Class space:        1.00 GB reserved,       3.94 MB ( <1%) committed,  1 nodes.
             Both:        1.06 GB reserved,      38.12 MB (  4%) committed. 

Chunk freelists:
   Non-Class:  13.75 MB
       Class:  12.03 MB
        Both:  25.79 MB

MaxMetaspaceSize: unlimited
CompressedClassSpaceSize: 1.00 GB
Initial GC threshold: 21.00 MB
Current GC threshold: 57.00 MB
CDS: on
 - commit_granule_bytes: 65536.
 - commit_granule_words: 8192.
 - virtual_space_node_default_size: 8388608.
 - enlarge_chunks_in_place: 1.
 - use_allocation_guard: 0.


Internal statistics:

num_allocs_failed_limit: 3.
num_arena_births: 1292.
num_arena_deaths: 58.
num_vsnodes_births: 2.
num_vsnodes_deaths: 0.
num_space_committed: 611.
num_space_uncommitted: 1.
num_chunks_returned_to_freelist: 91.
num_chunks_taken_from_freelist: 3541.
num_chunk_merges: 34.
num_chunk_splits: 2029.
num_chunks_enlarged: 963.
num_inconsistent_stats: 0.

CodeHeap 'non-profiled nmethods': size=119168Kb used=15540Kb max_used=15540Kb free=103627Kb
 bounds [0x0000023fc1040000, 0x0000023fc1f70000, 0x0000023fc84a0000]
CodeHeap 'profiled nmethods': size=119104Kb used=42978Kb max_used=42978Kb free=76126Kb
 bounds [0x0000023fb94a0000, 0x0000023fbbea0000, 0x0000023fc08f0000]
CodeHeap 'non-nmethods': size=7488Kb used=1529Kb max_used=3300Kb free=5958Kb
 bounds [0x0000023fc08f0000, 0x0000023fc0c60000, 0x0000023fc1040000]
CodeCache: size=245760Kb, used=60047Kb, max_used=61818Kb, free=185711Kb
 total_blobs=18268, nmethods=17414, adapters=758, full_count=0
Compilation: enabled, stopped_count=0, restarted_count=0

Compilation events (20 events):
Event: 2076.829 Thread 0x00000240140896d0 19236       3       java.io.ObjectStreamField::getTypeString (16 bytes)
Event: 2076.829 Thread 0x0000024014089020 nmethod 19229 0x0000023fc1f6d090 code [0x0000023fc1f6d220, 0x0000023fc1f6d2e8]
Event: 2076.829 Thread 0x0000024014089020 19235   !   4       java.io.ObjectOutputStream::writeObject0 (620 bytes)
Event: 2076.829 Thread 0x00000240140896d0 nmethod 19236 0x0000023fbbe8e710 code [0x0000023fbbe8e940, 0x0000023fbbe8f0f8]
Event: 2076.829 Thread 0x00000240140896d0 19237       3       java.io.ObjectOutputStream::writeTypeString (40 bytes)
Event: 2076.830 Thread 0x00000240140896d0 nmethod 19237 0x0000023fbbe8f490 code [0x0000023fbbe8f6a0, 0x0000023fbbe8faa0]
Event: 2076.836 Thread 0x00000240140896d0 19241       3       org.eclipse.core.internal.resources.MarkerWriter::snap (153 bytes)
Event: 2076.837 Thread 0x00000240140896d0 nmethod 19241 0x0000023fbbe8fc90 code [0x0000023fbbe90080, 0x0000023fbbe91e58]
Event: 2076.837 Thread 0x00000240140896d0 19238       3       org.eclipse.core.internal.resources.SaveManager$$Lambda/0x0000023fd32375d8::visitElement (35 bytes)
Event: 2076.839 Thread 0x00000240140896d0 nmethod 19238 0x0000023fbbe92a10 code [0x0000023fbbe92bc0, 0x0000023fbbe92d58]
Event: 2076.839 Thread 0x00000240140896d0 19239   !   3       org.eclipse.core.internal.resources.SaveManager::lambda$11 (132 bytes)
Event: 2076.840 Thread 0x00000240140896d0 nmethod 19239 0x0000023fbbe92e10 code [0x0000023fbbe93060, 0x0000023fbbe93850]
Event: 2076.840 Thread 0x00000240140896d0 19240       3       org.eclipse.core.internal.resources.MarkerManager::snap (11 bytes)
Event: 2076.840 Thread 0x00000240140896d0 nmethod 19240 0x0000023fbbe93d90 code [0x0000023fbbe93f40, 0x0000023fbbe94098]
Event: 2076.840 Thread 0x00000240140896d0 19242       3       org.eclipse.core.internal.resources.Synchronizer::snapSyncInfo (11 bytes)
Event: 2076.840 Thread 0x00000240140896d0 nmethod 19242 0x0000023fbbe94190 code [0x0000023fbbe94340, 0x0000023fbbe94498]
Event: 2076.840 Thread 0x00000240140896d0 19243       3       org.eclipse.core.internal.resources.SyncInfoWriter::snapSyncInfo (157 bytes)
Event: 2076.841 Thread 0x00000240140896d0 nmethod 19243 0x0000023fbbe94590 code [0x0000023fbbe94a80, 0x0000023fbbe97540]
Event: 2076.841 Thread 0x00000240140896d0 19244       3       org.eclipse.core.internal.jobs.JobListeners$$Lambda/0x0000023fd30e0880::notify (8 bytes)
Event: 2076.841 Thread 0x00000240140896d0 nmethod 19244 0x0000023fbbe98390 code [0x0000023fbbe98540, 0x0000023fbbe98720]

GC Heap History (20 events):
Event: 1777.090 GC heap before
{Heap before GC invocations=517 (full 2):
 PSYoungGen      total 5632K, used 5509K [0x00000000d5580000, 0x00000000d5e80000, 0x0000000100000000)
  eden space 4096K, 100% used [0x00000000d5580000,0x00000000d5980000,0x00000000d5980000)
  from space 1536K, 92% used [0x00000000d5d00000,0x00000000d5e61620,0x00000000d5e80000)
  to   space 2048K, 0% used [0x00000000d5a80000,0x00000000d5a80000,0x00000000d5c80000)
 ParOldGen       total 374784K, used 373352K [0x0000000080000000, 0x0000000096e00000, 0x00000000d5580000)
  object space 374784K, 99% used [0x0000000080000000,0x0000000096c9a230,0x0000000096e00000)
 Metaspace       used 37572K, committed 38976K, reserved 1114112K
  class space    used 3446K, committed 4032K, reserved 1048576K
}
Event: 1777.093 GC heap after
{Heap after GC invocations=517 (full 2):
 PSYoungGen      total 6144K, used 559K [0x00000000d5580000, 0x00000000d5d80000, 0x0000000100000000)
  eden space 4096K, 0% used [0x00000000d5580000,0x00000000d5580000,0x00000000d5980000)
  from space 2048K, 27% used [0x00000000d5a80000,0x00000000d5b0bf50,0x00000000d5c80000)
  to   space 1024K, 0% used [0x00000000d5c80000,0x00000000d5c80000,0x00000000d5d80000)
 ParOldGen       total 374784K, used 373880K [0x0000000080000000, 0x0000000096e00000, 0x00000000d5580000)
  object space 374784K, 99% used [0x0000000080000000,0x0000000096d1e250,0x0000000096e00000)
 Metaspace       used 37572K, committed 38976K, reserved 1114112K
  class space    used 3446K, committed 4032K, reserved 1048576K
}
Event: 1777.150 GC heap before
{Heap before GC invocations=518 (full 2):
 PSYoungGen      total 6144K, used 4655K [0x00000000d5580000, 0x00000000d5d80000, 0x0000000100000000)
  eden space 4096K, 100% used [0x00000000d5580000,0x00000000d5980000,0x00000000d5980000)
  from space 2048K, 27% used [0x00000000d5a80000,0x00000000d5b0bf50,0x00000000d5c80000)
  to   space 1024K, 0% used [0x00000000d5c80000,0x00000000d5c80000,0x00000000d5d80000)
 ParOldGen       total 374784K, used 373880K [0x0000000080000000, 0x0000000096e00000, 0x00000000d5580000)
  object space 374784K, 99% used [0x0000000080000000,0x0000000096d1e250,0x0000000096e00000)
 Metaspace       used 37573K, committed 38976K, reserved 1114112K
  class space    used 3446K, committed 4032K, reserved 1048576K
}
Event: 1777.152 GC heap after
{Heap after GC invocations=518 (full 2):
 PSYoungGen      total 5120K, used 589K [0x00000000d5580000, 0x00000000d5d80000, 0x0000000100000000)
  eden space 4096K, 0% used [0x00000000d5580000,0x00000000d5580000,0x00000000d5980000)
  from space 1024K, 57% used [0x00000000d5c80000,0x00000000d5d13730,0x00000000d5d80000)
  to   space 1024K, 0% used [0x00000000d5b80000,0x00000000d5b80000,0x00000000d5c80000)
 ParOldGen       total 374784K, used 374148K [0x0000000080000000, 0x0000000096e00000, 0x00000000d5580000)
  object space 374784K, 99% used [0x0000000080000000,0x0000000096d61290,0x0000000096e00000)
 Metaspace       used 37573K, committed 38976K, reserved 1114112K
  class space    used 3446K, committed 4032K, reserved 1048576K
}
Event: 1777.450 GC heap before
{Heap before GC invocations=519 (full 2):
 PSYoungGen      total 5120K, used 4685K [0x00000000d5580000, 0x00000000d5d80000, 0x0000000100000000)
  eden space 4096K, 99% used [0x00000000d5580000,0x00000000d597ffe0,0x00000000d5980000)
  from space 1024K, 57% used [0x00000000d5c80000,0x00000000d5d13730,0x00000000d5d80000)
  to   space 1024K, 0% used [0x00000000d5b80000,0x00000000d5b80000,0x00000000d5c80000)
 ParOldGen       total 374784K, used 374148K [0x0000000080000000, 0x0000000096e00000, 0x00000000d5580000)
  object space 374784K, 99% used [0x0000000080000000,0x0000000096d61290,0x0000000096e00000)
 Metaspace       used 37582K, committed 38976K, reserved 1114112K
  class space    used 3446K, committed 4032K, reserved 1048576K
}
Event: 1777.452 GC heap after
{Heap after GC invocations=519 (full 2):
 PSYoungGen      total 5120K, used 592K [0x00000000d5580000, 0x00000000d5d00000, 0x0000000100000000)
  eden space 4096K, 0% used [0x00000000d5580000,0x00000000d5580000,0x00000000d5980000)
  from space 1024K, 57% used [0x00000000d5b80000,0x00000000d5c14050,0x00000000d5c80000)
  to   space 512K, 0% used [0x00000000d5c80000,0x00000000d5c80000,0x00000000d5d00000)
 ParOldGen       total 374784K, used 374180K [0x0000000080000000, 0x0000000096e00000, 0x00000000d5580000)
  object space 374784K, 99% used [0x0000000080000000,0x0000000096d69290,0x0000000096e00000)
 Metaspace       used 37582K, committed 38976K, reserved 1114112K
  class space    used 3446K, committed 4032K, reserved 1048576K
}
Event: 1800.717 GC heap before
{Heap before GC invocations=520 (full 2):
 PSYoungGen      total 5120K, used 4688K [0x00000000d5580000, 0x00000000d5d00000, 0x0000000100000000)
  eden space 4096K, 100% used [0x00000000d5580000,0x00000000d5980000,0x00000000d5980000)
  from space 1024K, 57% used [0x00000000d5b80000,0x00000000d5c14050,0x00000000d5c80000)
  to   space 512K, 0% used [0x00000000d5c80000,0x00000000d5c80000,0x00000000d5d00000)
 ParOldGen       total 374784K, used 374180K [0x0000000080000000, 0x0000000096e00000, 0x00000000d5580000)
  object space 374784K, 99% used [0x0000000080000000,0x0000000096d69290,0x0000000096e00000)
 Metaspace       used 37612K, committed 38976K, reserved 1114112K
  class space    used 3446K, committed 4032K, reserved 1048576K
}
Event: 1800.721 GC heap after
{Heap after GC invocations=520 (full 2):
 PSYoungGen      total 4608K, used 506K [0x00000000d5580000, 0x00000000d5d00000, 0x0000000100000000)
  eden space 4096K, 0% used [0x00000000d5580000,0x00000000d5580000,0x00000000d5980000)
  from space 512K, 98% used [0x00000000d5c80000,0x00000000d5cfe900,0x00000000d5d00000)
  to   space 1024K, 0% used [0x00000000d5b00000,0x00000000d5b00000,0x00000000d5c00000)
 ParOldGen       total 374784K, used 374412K [0x0000000080000000, 0x0000000096e00000, 0x00000000d5580000)
  object space 374784K, 99% used [0x0000000080000000,0x0000000096da32d0,0x0000000096e00000)
 Metaspace       used 37612K, committed 38976K, reserved 1114112K
  class space    used 3446K, committed 4032K, reserved 1048576K
}
Event: 1800.814 GC heap before
{Heap before GC invocations=521 (full 2):
 PSYoungGen      total 4608K, used 4602K [0x00000000d5580000, 0x00000000d5d00000, 0x0000000100000000)
  eden space 4096K, 100% used [0x00000000d5580000,0x00000000d5980000,0x00000000d5980000)
  from space 512K, 98% used [0x00000000d5c80000,0x00000000d5cfe900,0x00000000d5d00000)
  to   space 1024K, 0% used [0x00000000d5b00000,0x00000000d5b00000,0x00000000d5c00000)
 ParOldGen       total 374784K, used 374412K [0x0000000080000000, 0x0000000096e00000, 0x00000000d5580000)
  object space 374784K, 99% used [0x0000000080000000,0x0000000096da32d0,0x0000000096e00000)
 Metaspace       used 37618K, committed 38976K, reserved 1114112K
  class space    used 3446K, committed 4032K, reserved 1048576K
}
Event: 1800.815 GC heap after
{Heap after GC invocations=521 (full 2):
 PSYoungGen      total 5120K, used 650K [0x00000000d5580000, 0x00000000d5d00000, 0x0000000100000000)
  eden space 4096K, 0% used [0x00000000d5580000,0x00000000d5580000,0x00000000d5980000)
  from space 1024K, 63% used [0x00000000d5b00000,0x00000000d5ba2910,0x00000000d5c00000)
  to   space 1024K, 0% used [0x00000000d5c00000,0x00000000d5c00000,0x00000000d5d00000)
 ParOldGen       total 374784K, used 374476K [0x0000000080000000, 0x0000000096e00000, 0x00000000d5580000)
  object space 374784K, 99% used [0x0000000080000000,0x0000000096db32d0,0x0000000096e00000)
 Metaspace       used 37618K, committed 38976K, reserved 1114112K
  class space    used 3446K, committed 4032K, reserved 1048576K
}
Event: 1802.262 GC heap before
{Heap before GC invocations=522 (full 2):
 PSYoungGen      total 5120K, used 4743K [0x00000000d5580000, 0x00000000d5d00000, 0x0000000100000000)
  eden space 4096K, 99% used [0x00000000d5580000,0x00000000d597f5f8,0x00000000d5980000)
  from space 1024K, 63% used [0x00000000d5b00000,0x00000000d5ba2910,0x00000000d5c00000)
  to   space 1024K, 0% used [0x00000000d5c00000,0x00000000d5c00000,0x00000000d5d00000)
 ParOldGen       total 374784K, used 374476K [0x0000000080000000, 0x0000000096e00000, 0x00000000d5580000)
  object space 374784K, 99% used [0x0000000080000000,0x0000000096db32d0,0x0000000096e00000)
 Metaspace       used 37624K, committed 38976K, reserved 1114112K
  class space    used 3446K, committed 4032K, reserved 1048576K
}
Event: 1802.263 GC heap after
{Heap after GC invocations=522 (full 2):
 PSYoungGen      total 4608K, used 352K [0x00000000d5580000, 0x00000000d5c80000, 0x0000000100000000)
  eden space 4096K, 0% used [0x00000000d5580000,0x00000000d5580000,0x00000000d5980000)
  from space 512K, 68% used [0x00000000d5c00000,0x00000000d5c58000,0x00000000d5c80000)
  to   space 512K, 0% used [0x00000000d5b80000,0x00000000d5b80000,0x00000000d5c00000)
 ParOldGen       total 374784K, used 374492K [0x0000000080000000, 0x0000000096e00000, 0x00000000d5580000)
  object space 374784K, 99% used [0x0000000080000000,0x0000000096db72d0,0x0000000096e00000)
 Metaspace       used 37624K, committed 38976K, reserved 1114112K
  class space    used 3446K, committed 4032K, reserved 1048576K
}
Event: 1802.603 GC heap before
{Heap before GC invocations=523 (full 2):
 PSYoungGen      total 4608K, used 4447K [0x00000000d5580000, 0x00000000d5c80000, 0x0000000100000000)
  eden space 4096K, 99% used [0x00000000d5580000,0x00000000d597ffc8,0x00000000d5980000)
  from space 512K, 68% used [0x00000000d5c00000,0x00000000d5c58000,0x00000000d5c80000)
  to   space 512K, 0% used [0x00000000d5b80000,0x00000000d5b80000,0x00000000d5c00000)
 ParOldGen       total 374784K, used 374492K [0x0000000080000000, 0x0000000096e00000, 0x00000000d5580000)
  object space 374784K, 99% used [0x0000000080000000,0x0000000096db72d0,0x0000000096e00000)
 Metaspace       used 37633K, committed 38976K, reserved 1114112K
  class space    used 3446K, committed 4032K, reserved 1048576K
}
Event: 1802.604 GC heap after
{Heap after GC invocations=523 (full 2):
 PSYoungGen      total 4608K, used 272K [0x00000000d5580000, 0x00000000d5c80000, 0x0000000100000000)
  eden space 4096K, 0% used [0x00000000d5580000,0x00000000d5580000,0x00000000d5980000)
  from space 512K, 53% used [0x00000000d5b80000,0x00000000d5bc4010,0x00000000d5c00000)
  to   space 512K, 0% used [0x00000000d5c00000,0x00000000d5c00000,0x00000000d5c80000)
 ParOldGen       total 374784K, used 374548K [0x0000000080000000, 0x0000000096e00000, 0x00000000d5580000)
  object space 374784K, 99% used [0x0000000080000000,0x0000000096dc52d0,0x0000000096e00000)
 Metaspace       used 37633K, committed 38976K, reserved 1114112K
  class space    used 3446K, committed 4032K, reserved 1048576K
}
Event: 1847.637 GC heap before
{Heap before GC invocations=524 (full 2):
 PSYoungGen      total 4608K, used 4367K [0x00000000d5580000, 0x00000000d5c80000, 0x0000000100000000)
  eden space 4096K, 99% used [0x00000000d5580000,0x00000000d597ffe8,0x00000000d5980000)
  from space 512K, 53% used [0x00000000d5b80000,0x00000000d5bc4010,0x00000000d5c00000)
  to   space 512K, 0% used [0x00000000d5c00000,0x00000000d5c00000,0x00000000d5c80000)
 ParOldGen       total 374784K, used 374548K [0x0000000080000000, 0x0000000096e00000, 0x00000000d5580000)
  object space 374784K, 99% used [0x0000000080000000,0x0000000096dc52d0,0x0000000096e00000)
 Metaspace       used 37635K, committed 38976K, reserved 1114112K
  class space    used 3446K, committed 4032K, reserved 1048576K
}
Event: 1847.639 GC heap after
{Heap after GC invocations=524 (full 2):
 PSYoungGen      total 4608K, used 368K [0x00000000d5580000, 0x00000000d5c80000, 0x0000000100000000)
  eden space 4096K, 0% used [0x00000000d5580000,0x00000000d5580000,0x00000000d5980000)
  from space 512K, 71% used [0x00000000d5c00000,0x00000000d5c5c010,0x00000000d5c80000)
  to   space 512K, 0% used [0x00000000d5b80000,0x00000000d5b80000,0x00000000d5c00000)
 ParOldGen       total 374784K, used 374684K [0x0000000080000000, 0x0000000096e00000, 0x00000000d5580000)
  object space 374784K, 99% used [0x0000000080000000,0x0000000096de7320,0x0000000096e00000)
 Metaspace       used 37635K, committed 38976K, reserved 1114112K
  class space    used 3446K, committed 4032K, reserved 1048576K
}
Event: 1987.473 GC heap before
{Heap before GC invocations=525 (full 2):
 PSYoungGen      total 4608K, used 4464K [0x00000000d5580000, 0x00000000d5c80000, 0x0000000100000000)
  eden space 4096K, 100% used [0x00000000d5580000,0x00000000d5980000,0x00000000d5980000)
  from space 512K, 71% used [0x00000000d5c00000,0x00000000d5c5c010,0x00000000d5c80000)
  to   space 512K, 0% used [0x00000000d5b80000,0x00000000d5b80000,0x00000000d5c00000)
 ParOldGen       total 374784K, used 374684K [0x0000000080000000, 0x0000000096e00000, 0x00000000d5580000)
  object space 374784K, 99% used [0x0000000080000000,0x0000000096de7320,0x0000000096e00000)
 Metaspace       used 37636K, committed 38976K, reserved 1114112K
  class space    used 3446K, committed 4032K, reserved 1048576K
}
Event: 1987.474 GC heap after
{Heap after GC invocations=525 (full 2):
 PSYoungGen      total 4608K, used 490K [0x00000000d5580000, 0x00000000d5c80000, 0x0000000100000000)
  eden space 4096K, 0% used [0x00000000d5580000,0x00000000d5580000,0x00000000d5980000)
  from space 512K, 95% used [0x00000000d5b80000,0x00000000d5bfa910,0x00000000d5c00000)
  to   space 512K, 0% used [0x00000000d5c00000,0x00000000d5c00000,0x00000000d5c80000)
 ParOldGen       total 374784K, used 374740K [0x0000000080000000, 0x0000000096e00000, 0x00000000d5580000)
  object space 374784K, 99% used [0x0000000080000000,0x0000000096df5320,0x0000000096e00000)
 Metaspace       used 37636K, committed 38976K, reserved 1114112K
  class space    used 3446K, committed 4032K, reserved 1048576K
}
Event: 1996.490 GC heap before
{Heap before GC invocations=526 (full 2):
 PSYoungGen      total 4608K, used 4586K [0x00000000d5580000, 0x00000000d5c80000, 0x0000000100000000)
  eden space 4096K, 100% used [0x00000000d5580000,0x00000000d5980000,0x00000000d5980000)
  from space 512K, 95% used [0x00000000d5b80000,0x00000000d5bfa910,0x00000000d5c00000)
  to   space 512K, 0% used [0x00000000d5c00000,0x00000000d5c00000,0x00000000d5c80000)
 ParOldGen       total 374784K, used 374740K [0x0000000080000000, 0x0000000096e00000, 0x00000000d5580000)
  object space 374784K, 99% used [0x0000000080000000,0x0000000096df5320,0x0000000096e00000)
 Metaspace       used 37636K, committed 38976K, reserved 1114112K
  class space    used 3446K, committed 4032K, reserved 1048576K
}
Event: 1996.493 GC heap after
{Heap after GC invocations=526 (full 2):
 PSYoungGen      total 4608K, used 490K [0x00000000d5580000, 0x00000000d5c80000, 0x0000000100000000)
  eden space 4096K, 0% used [0x00000000d5580000,0x00000000d5580000,0x00000000d5980000)
  from space 512K, 95% used [0x00000000d5c00000,0x00000000d5c7a910,0x00000000d5c80000)
  to   space 1024K, 0% used [0x00000000d5a80000,0x00000000d5a80000,0x00000000d5b80000)
 ParOldGen       total 375296K, used 374828K [0x0000000080000000, 0x0000000096e80000, 0x00000000d5580000)
  object space 375296K, 99% used [0x0000000080000000,0x0000000096e0b320,0x0000000096e80000)
 Metaspace       used 37636K, committed 38976K, reserved 1114112K
  class space    used 3446K, committed 4032K, reserved 1048576K
}

Dll operation events (12 events):
Event: 0.028 Loaded shared library c:\Users\User\.vscode\extensions\redhat.java-1.54.2026040108-win32-x64\jre\21.0.10-win32-x86_64\bin\java.dll
Event: 0.229 Loaded shared library c:\Users\User\.vscode\extensions\redhat.java-1.54.2026040108-win32-x64\jre\21.0.10-win32-x86_64\bin\zip.dll
Event: 0.235 Loaded shared library C:\Users\User\.vscode\extensions\redhat.java-1.54.2026040108-win32-x64\jre\21.0.10-win32-x86_64\bin\instrument.dll
Event: 0.241 Loaded shared library C:\Users\User\.vscode\extensions\redhat.java-1.54.2026040108-win32-x64\jre\21.0.10-win32-x86_64\bin\net.dll
Event: 0.244 Loaded shared library C:\Users\User\.vscode\extensions\redhat.java-1.54.2026040108-win32-x64\jre\21.0.10-win32-x86_64\bin\nio.dll
Event: 0.248 Loaded shared library C:\Users\User\.vscode\extensions\redhat.java-1.54.2026040108-win32-x64\jre\21.0.10-win32-x86_64\bin\zip.dll
Event: 0.262 Loaded shared library C:\Users\User\.vscode\extensions\redhat.java-1.54.2026040108-win32-x64\jre\21.0.10-win32-x86_64\bin\jimage.dll
Event: 0.333 Loaded shared library c:\Users\User\.vscode\extensions\redhat.java-1.54.2026040108-win32-x64\jre\21.0.10-win32-x86_64\bin\verify.dll
Event: 11.328 Loaded shared library C:\Users\User\AppData\Roaming\Code\User\globalStorage\redhat.java\1.54.2026040108\config_win\org.eclipse.equinox.launcher\org.eclipse.equinox.launcher.win32.win32.x86_64_1.3.0.v20260203-2149\eclipse_11919.dll
Event: 20.175 Loaded shared library C:\Users\User\AppData\Local\Temp\jna-2645995\jna5826497621044288667.dll
Event: 30.085 Loaded shared library C:\Users\User\.vscode\extensions\redhat.java-1.54.2026040108-win32-x64\jre\21.0.10-win32-x86_64\bin\extnet.dll
Event: 1099.249 Loaded shared library C:\Users\User\.vscode\extensions\redhat.java-1.54.2026040108-win32-x64\jre\21.0.10-win32-x86_64\bin\sunmscapi.dll

Deoptimization events (20 events):
Event: 1776.810 Thread 0x000002401a003be0 DEOPT PACKING pc=0x0000023fbbda359c sp=0x00000049ca2fed60
Event: 1776.810 Thread 0x000002401a003be0 DEOPT UNPACKING pc=0x0000023fc0944242 sp=0x00000049ca2fe310 mode 0
Event: 1776.935 Thread 0x000002401bc33fa0 Uncommon trap: trap_request=0xffffffbe fr.pc=0x0000023fc1eb0f04 relative=0x0000000000000ec4
Event: 1776.935 Thread 0x000002401bc33fa0 Uncommon trap: reason=profile_predicate action=maybe_recompile pc=0x0000023fc1eb0f04 method=org.eclipse.jdt.internal.compiler.parser.Scanner.jumpOverMethodBody()V @ 881 c2
Event: 1776.935 Thread 0x000002401bc33fa0 DEOPT PACKING pc=0x0000023fc1eb0f04 sp=0x00000049ca6fdd30
Event: 1776.935 Thread 0x000002401bc33fa0 DEOPT UNPACKING pc=0x0000023fc0943aa2 sp=0x00000049ca6fdcb0 mode 2
Event: 1777.231 Thread 0x000002401a06bb30 Uncommon trap: trap_request=0xffffffde fr.pc=0x0000023fc1605fac relative=0x0000000000000b8c
Event: 1777.231 Thread 0x000002401a06bb30 Uncommon trap: reason=class_check action=maybe_recompile pc=0x0000023fc1605fac method=com.google.gson.internal.bind.ArrayTypeAdapter.read(Lcom/google/gson/stream/JsonReader;)Ljava/lang/Object; @ 1 c2
Event: 1777.231 Thread 0x000002401a06bb30 DEOPT PACKING pc=0x0000023fc1605fac sp=0x00000049cc3fe920
Event: 1777.231 Thread 0x000002401a06bb30 DEOPT UNPACKING pc=0x0000023fc0943aa2 sp=0x00000049cc3fe8e0 mode 2
Event: 1777.231 Thread 0x000002401a06bb30 Uncommon trap: trap_request=0xffffffde fr.pc=0x0000023fc1605fac relative=0x0000000000000b8c
Event: 1777.231 Thread 0x000002401a06bb30 Uncommon trap: reason=class_check action=maybe_recompile pc=0x0000023fc1605fac method=com.google.gson.internal.bind.ArrayTypeAdapter.read(Lcom/google/gson/stream/JsonReader;)Ljava/lang/Object; @ 1 c2
Event: 1777.231 Thread 0x000002401a06bb30 DEOPT PACKING pc=0x0000023fc1605fac sp=0x00000049cc3fe920
Event: 1777.231 Thread 0x000002401a06bb30 DEOPT UNPACKING pc=0x0000023fc0943aa2 sp=0x00000049cc3fe8e0 mode 2
Event: 1780.311 Thread 0x000002401e3f4100 Uncommon trap: trap_request=0xffffff45 fr.pc=0x0000023fc192ab24 relative=0x0000000000000bc4
Event: 1780.312 Thread 0x000002401e3f4100 Uncommon trap: reason=unstable_if action=reinterpret pc=0x0000023fc192ab24 method=io.reactivex.internal.schedulers.SchedulerPoolFactory$ScheduledTask.run()V @ 42 c2
Event: 1780.312 Thread 0x000002401e3f4100 DEOPT PACKING pc=0x0000023fc192ab24 sp=0x00000049cd0ff2c0
Event: 1780.312 Thread 0x000002401e3f4100 DEOPT UNPACKING pc=0x0000023fc0943aa2 sp=0x00000049cd0ff2c8 mode 2
Event: 1802.412 Thread 0x000002401bc2e3c0 DEOPT PACKING pc=0x0000023fbb4aca7e sp=0x00000049ca3fe5f0
Event: 1802.414 Thread 0x000002401bc2e3c0 DEOPT UNPACKING pc=0x0000023fc0944242 sp=0x00000049ca3fda60 mode 0

Classes loaded (20 events):
Event: 1175.505 Loading class java/util/stream/ReduceOps$CountingSink$OfRef
Event: 1175.505 Loading class java/util/stream/ReduceOps$CountingSink
Event: 1175.506 Loading class java/util/stream/ReduceOps$CountingSink done
Event: 1175.506 Loading class java/util/stream/ReduceOps$CountingSink$OfRef done
Event: 1185.320 Loading class java/util/stream/ReferencePipeline$4
Event: 1185.321 Loading class java/util/stream/ReferencePipeline$4 done
Event: 1185.322 Loading class java/util/stream/Nodes$IntFixedNodeBuilder
Event: 1185.322 Loading class java/util/stream/Node$Builder$OfInt
Event: 1185.322 Loading class java/util/stream/Node$Builder$OfInt done
Event: 1185.322 Loading class java/util/stream/Nodes$IntArrayNode
Event: 1185.323 Loading class java/util/stream/Nodes$IntArrayNode done
Event: 1185.323 Loading class java/util/stream/Nodes$IntFixedNodeBuilder done
Event: 1185.323 Loading class java/util/stream/ReferencePipeline$4$1
Event: 1185.323 Loading class java/util/stream/ReferencePipeline$4$1 done
Event: 1272.795 Loading class java/util/function/IntPredicate
Event: 1272.796 Loading class java/util/function/IntPredicate done
Event: 1272.828 Loading class java/util/regex/Pattern$Bound
Event: 1272.829 Loading class java/util/regex/Pattern$Bound done
Event: 1507.236 Loading class java/util/Spliterators$IntArraySpliterator
Event: 1507.238 Loading class java/util/Spliterators$IntArraySpliterator done

Classes unloaded (20 events):
Event: 1408.316 Thread 0x0000023fb634b780 Unloading class 0x0000023fce2b3568 'org/apache/maven/shared/filtering/MavenFileFilter'
Event: 1408.316 Thread 0x0000023fb634b780 Unloading class 0x0000023fcdf5d328 'org/apache/maven/shared/filtering/DefaultFilterInfo'
Event: 1408.316 Thread 0x0000023fb634b780 Unloading class 0x0000023fcdf5d9f0 'org/apache/maven/shared/filtering/BaseFilter'
Event: 1408.316 Thread 0x0000023fb634b780 Unloading class 0x0000023fcf3e0dc8 'org/apache/maven/shared/filtering/DefaultMavenFileFilter'
Event: 1408.316 Thread 0x0000023fb634b780 Unloading class 0x0000023fce165ae0 'org/apache/maven/plugins/resources/TestResourcesMojo'
Event: 1408.316 Thread 0x0000023fb634b780 Unloading class 0x0000023fce7ff758 'org/apache/maven/plugins/maven_resources_plugin/HelpMojo'
Event: 1408.316 Thread 0x0000023fb634b780 Unloading class 0x0000023fce1669b0 'org/apache/maven/plugins/resources/ResourcesMojo'
Event: 1408.316 Thread 0x0000023fb634b780 Unloading class 0x0000023fce652bf8 'org/apache/maven/plugins/resources/CopyResourcesMojo'
Event: 1408.317 Thread 0x0000023fb634b780 Unloading class 0x0000023fd326f400 'java/lang/invoke/LambdaForm$MH+0x0000023fd326f400'
Event: 1408.317 Thread 0x0000023fb634b780 Unloading class 0x0000023fd326f000 'java/lang/invoke/LambdaForm$MH+0x0000023fd326f000'
Event: 1408.317 Thread 0x0000023fb634b780 Unloading class 0x0000023fd326f800 'java/lang/invoke/LambdaForm$MH+0x0000023fd326f800'
Event: 1408.317 Thread 0x0000023fb634b780 Unloading class 0x0000023fd326e800 'java/lang/invoke/LambdaForm$MH+0x0000023fd326e800'
Event: 1408.317 Thread 0x0000023fb634b780 Unloading class 0x0000023fd326e400 'java/lang/invoke/LambdaForm$MH+0x0000023fd326e400'
Event: 1408.317 Thread 0x0000023fb634b780 Unloading class 0x0000023fd326e000 'java/lang/invoke/LambdaForm$MH+0x0000023fd326e000'
Event: 1408.317 Thread 0x0000023fb634b780 Unloading class 0x0000023fd326d800 'java/lang/invoke/LambdaForm$MH+0x0000023fd326d800'
Event: 1408.317 Thread 0x0000023fb634b780 Unloading class 0x0000023fd326d000 'java/lang/invoke/LambdaForm$MH+0x0000023fd326d000'
Event: 1408.317 Thread 0x0000023fb634b780 Unloading class 0x0000023fd326d400 'java/lang/invoke/LambdaForm$MH+0x0000023fd326d400'
Event: 1408.317 Thread 0x0000023fb634b780 Unloading class 0x0000023fd326cc00 'java/lang/invoke/LambdaForm$MH+0x0000023fd326cc00'
Event: 1408.317 Thread 0x0000023fb634b780 Unloading class 0x0000023fd326c000 'java/lang/invoke/LambdaForm$MH+0x0000023fd326c000'
Event: 1408.317 Thread 0x0000023fb634b780 Unloading class 0x0000023fd326c400 'java/lang/invoke/LambdaForm$MH+0x0000023fd326c400'

Classes redefined (0 events):
No events

Internal exceptions (20 events):
Event: 1777.061 Thread 0x000002401a004270 Exception <a 'sun/nio/fs/WindowsException'{0x00000000d58f2680}> (0x00000000d58f2680) 
thrown [s\src\hotspot\share\prims\jni.cpp, line 520]
Event: 1777.061 Thread 0x000002401a004270 Exception <a 'sun/nio/fs/WindowsException'{0x00000000d58f2fa8}> (0x00000000d58f2fa8) 
thrown [s\src\hotspot\share\prims\jni.cpp, line 520]
Event: 1777.063 Thread 0x000002401a004270 Exception <a 'sun/nio/fs/WindowsException'{0x00000000d58f4f08}> (0x00000000d58f4f08) 
thrown [s\src\hotspot\share\prims\jni.cpp, line 520]
Event: 1777.063 Thread 0x000002401a004270 Exception <a 'sun/nio/fs/WindowsException'{0x00000000d58f5860}> (0x00000000d58f5860) 
thrown [s\src\hotspot\share\prims\jni.cpp, line 520]
Event: 1777.067 Thread 0x000002401a004270 Exception <a 'sun/nio/fs/WindowsException'{0x00000000d5914c90}> (0x00000000d5914c90) 
thrown [s\src\hotspot\share\prims\jni.cpp, line 520]
Event: 1777.067 Thread 0x000002401a004270 Exception <a 'sun/nio/fs/WindowsException'{0x00000000d59158d8}> (0x00000000d59158d8) 
thrown [s\src\hotspot\share\prims\jni.cpp, line 520]
Event: 1777.247 Thread 0x000002401a06bb30 Exception <a 'sun/nio/fs/WindowsException'{0x00000000d56deec8}> (0x00000000d56deec8) 
thrown [s\src\hotspot\share\prims\jni.cpp, line 520]
Event: 1777.248 Thread 0x000002401a06bb30 Exception <a 'sun/nio/fs/WindowsException'{0x00000000d56e0a78}> (0x00000000d56e0a78) 
thrown [s\src\hotspot\share\prims\jni.cpp, line 520]
Event: 1802.244 Thread 0x000002401a004270 Exception <a 'sun/nio/fs/WindowsException'{0x00000000d57365e0}> (0x00000000d57365e0) 
thrown [s\src\hotspot\share\prims\jni.cpp, line 520]
Event: 1802.244 Thread 0x000002401a004270 Exception <a 'sun/nio/fs/WindowsException'{0x00000000d5736fa8}> (0x00000000d5736fa8) 
thrown [s\src\hotspot\share\prims\jni.cpp, line 520]
Event: 1802.245 Thread 0x000002401a004270 Exception <a 'sun/nio/fs/WindowsException'{0x00000000d5737f98}> (0x00000000d5737f98) 
thrown [s\src\hotspot\share\prims\jni.cpp, line 520]
Event: 1802.245 Thread 0x000002401a004270 Exception <a 'sun/nio/fs/WindowsException'{0x00000000d5738960}> (0x00000000d5738960) 
thrown [s\src\hotspot\share\prims\jni.cpp, line 520]
Event: 1802.246 Thread 0x000002401a004270 Exception <a 'sun/nio/fs/WindowsException'{0x00000000d573a360}> (0x00000000d573a360) 
thrown [s\src\hotspot\share\prims\jni.cpp, line 520]
Event: 1802.246 Thread 0x000002401a004270 Exception <a 'sun/nio/fs/WindowsException'{0x00000000d573aa78}> (0x00000000d573aa78) 
thrown [s\src\hotspot\share\prims\jni.cpp, line 520]
Event: 1802.251 Thread 0x000002401a004270 Exception <a 'sun/nio/fs/WindowsException'{0x00000000d575b108}> (0x00000000d575b108) 
thrown [s\src\hotspot\share\prims\jni.cpp, line 520]
Event: 1802.251 Thread 0x000002401a004270 Exception <a 'sun/nio/fs/WindowsException'{0x00000000d575bad0}> (0x00000000d575bad0) 
thrown [s\src\hotspot\share\prims\jni.cpp, line 520]
Event: 1802.410 Thread 0x000002401bc2e3c0 Exception <a 'sun/nio/fs/WindowsException'{0x00000000d58f2a50}> (0x00000000d58f2a50) 
thrown [s\src\hotspot\share\prims\jni.cpp, line 520]
Event: 1802.411 Thread 0x000002401bc2e3c0 Exception <a 'sun/nio/fs/WindowsException'{0x00000000d58f30c0}> (0x00000000d58f30c0) 
thrown [s\src\hotspot\share\prims\jni.cpp, line 520]
Event: 2076.806 Thread 0x000002401a069a60 Exception <a 'sun/nio/fs/WindowsException'{0x00000000d568cc08}> (0x00000000d568cc08) 
thrown [s\src\hotspot\share\prims\jni.cpp, line 520]
Event: 2076.809 Thread 0x000002401a069a60 Exception <a 'sun/nio/fs/WindowsException'{0x00000000d568d5f0}> (0x00000000d568d5f0) 
thrown [s\src\hotspot\share\prims\jni.cpp, line 520]

ZGC Phase Switch (0 events):
No events

VM Operations (20 events):
Event: 1802.603 Executing safepoint VM operation: ParallelGCFailedAllocation (Allocation Failure)
Event: 1802.605 Executing safepoint VM operation: ParallelGCFailedAllocation (Allocation Failure) done
Event: 1803.762 Executing non-safepoint VM operation: HandshakeAllThreads (HandshakeForDeflation)
Event: 1803.779 Executing non-safepoint VM operation: HandshakeAllThreads (HandshakeForDeflation) done
Event: 1803.780 Executing non-safepoint VM operation: RendezvousGCThreads
Event: 1803.780 Executing non-safepoint VM operation: RendezvousGCThreads done
Event: 1847.637 Executing safepoint VM operation: ParallelGCFailedAllocation (Allocation Failure)
Event: 1847.639 Executing safepoint VM operation: ParallelGCFailedAllocation (Allocation Failure) done
Event: 1848.647 Executing safepoint VM operation: Cleanup
Event: 1848.647 Executing safepoint VM operation: Cleanup done
Event: 1863.921 Executing non-safepoint VM operation: HandshakeAllThreads (HandshakeForDeflation)
Event: 1863.921 Executing non-safepoint VM operation: HandshakeAllThreads (HandshakeForDeflation) done
Event: 1863.922 Executing non-safepoint VM operation: RendezvousGCThreads
Event: 1863.922 Executing non-safepoint VM operation: RendezvousGCThreads done
Event: 1987.473 Executing safepoint VM operation: ParallelGCFailedAllocation (Allocation Failure)
Event: 1987.474 Executing safepoint VM operation: ParallelGCFailedAllocation (Allocation Failure) done
Event: 1996.489 Executing safepoint VM operation: ParallelGCFailedAllocation (Allocation Failure)
Event: 1996.493 Executing safepoint VM operation: ParallelGCFailedAllocation (Allocation Failure) done
Event: 2076.975 Executing safepoint VM operation: Cleanup
Event: 2076.975 Executing safepoint VM operation: Cleanup done

Memory protections (0 events):
No events

Nmethod flushes (20 events):
Event: 1408.831 Thread 0x0000023fb634b780 flushing  nmethod 0x0000023fba8b0890
Event: 1408.831 Thread 0x0000023fb634b780 flushing  nmethod 0x0000023fba8b0e90
Event: 1408.831 Thread 0x0000023fb634b780 flushing  nmethod 0x0000023fba8b4190
Event: 1408.831 Thread 0x0000023fb634b780 flushing  nmethod 0x0000023fba8b6490
Event: 1408.831 Thread 0x0000023fb634b780 flushing  nmethod 0x0000023fba8ba990
Event: 1408.831 Thread 0x0000023fb634b780 flushing  nmethod 0x0000023fba8be690
Event: 1408.831 Thread 0x0000023fb634b780 flushing  nmethod 0x0000023fba8c1510
Event: 1408.831 Thread 0x0000023fb634b780 flushing  nmethod 0x0000023fba8d1e90
Event: 1408.831 Thread 0x0000023fb634b780 flushing  nmethod 0x0000023fba8de710
Event: 1408.831 Thread 0x0000023fb634b780 flushing  nmethod 0x0000023fba8ded10
Event: 1408.831 Thread 0x0000023fb634b780 flushing  nmethod 0x0000023fba8e1190
Event: 1408.831 Thread 0x0000023fb634b780 flushing  nmethod 0x0000023fba8e3e10
Event: 1408.831 Thread 0x0000023fb634b780 flushing  nmethod 0x0000023fba8e4710
Event: 1408.831 Thread 0x0000023fb634b780 flushing  nmethod 0x0000023fba8e4e90
Event: 1408.831 Thread 0x0000023fb634b780 flushing  nmethod 0x0000023fba8e5710
Event: 1408.831 Thread 0x0000023fb634b780 flushing  nmethod 0x0000023fba8e6590
Event: 1408.831 Thread 0x0000023fb634b780 flushing  nmethod 0x0000023fba8e7490
Event: 1408.831 Thread 0x0000023fb634b780 flushing  nmethod 0x0000023fba90e410
Event: 1408.832 Thread 0x0000023fb634b780 flushing  nmethod 0x0000023fba926710
Event: 1408.832 Thread 0x0000023fb634b780 flushing  nmethod 0x0000023fba959f90

Events (20 events):
Event: 1826.801 Thread 0x000002401a06a780 Thread exited: 0x000002401a06a780
Event: 1836.973 Thread 0x000002401a06b4a0 Thread exited: 0x000002401a06b4a0
Event: 1837.519 Thread 0x000002401aa4eb20 Thread exited: 0x000002401aa4eb20
Event: 1845.162 Thread 0x000002401bc2d010 Thread exited: 0x000002401bc2d010
Event: 1884.176 Thread 0x000002401a0686b0 Thread exited: 0x000002401a0686b0
Event: 1884.222 Thread 0x000002401a06d570 Thread exited: 0x000002401a06d570
Event: 1885.592 Thread 0x000002401a06fcd0 Thread exited: 0x000002401a06fcd0
Event: 1886.809 Thread 0x000002401e3f6ef0 Thread exited: 0x000002401e3f6ef0
Event: 1907.859 Thread 0x000002401a004270 Thread exited: 0x000002401a004270
Event: 1912.973 Thread 0x000002401a06dc00 Thread exited: 0x000002401a06dc00
Event: 1913.004 Thread 0x000002401a06e920 Thread exited: 0x000002401a06e920
Event: 1967.862 Thread 0x000002401bc33fa0 Thread exited: 0x000002401bc33fa0
Event: 1996.496 Thread 0x00000240140896d0 Thread added: 0x000002401abc2280
Event: 2001.543 Thread 0x000002401abc2280 Thread exited: 0x000002401abc2280
Event: 2056.502 Thread 0x000002401aa4d0e0 Thread exited: 0x000002401aa4d0e0
Event: 2076.788 Thread 0x000002401a069a60 Thread added: 0x000002401bc2d010
Event: 2076.811 Thread 0x000002401a069a60 Thread added: 0x000002401bc30b20
Event: 2076.811 Thread 0x000002401bc30b20 Thread exited: 0x000002401bc30b20
Event: 2076.840 Thread 0x000002401a06ae10 Thread exited: 0x000002401a06ae10
Event: 2076.927 Thread 0x000002401a06c850 Thread exited: 0x000002401a06c850


Dynamic libraries:
0x00007ff71c340000 - 0x00007ff71c34e000 	c:\Users\User\.vscode\extensions\redhat.java-1.54.2026040108-win32-x64\jre\21.0.10-win32-x86_64\bin\java.exe
0x00007ff8b5840000 - 0x00007ff8b5aa7000 	C:\Windows\SYSTEM32\ntdll.dll
0x00007ff8b46b0000 - 0x00007ff8b4779000 	C:\Windows\System32\KERNEL32.DLL
0x00007ff8b2620000 - 0x00007ff8b2a11000 	C:\Windows\System32\KERNELBASE.dll
0x00007ff8acce0000 - 0x00007ff8acd7f000 	C:\Windows\SYSTEM32\apphelp.dll
0x00007ff8b22d0000 - 0x00007ff8b241b000 	C:\Windows\System32\ucrtbase.dll
0x00007ff8a0e30000 - 0x00007ff8a0e4e000 	c:\Users\User\.vscode\extensions\redhat.java-1.54.2026040108-win32-x64\jre\21.0.10-win32-x86_64\bin\VCRUNTIME140.dll
0x00007ff860d00000 - 0x00007ff860d18000 	c:\Users\User\.vscode\extensions\redhat.java-1.54.2026040108-win32-x64\jre\21.0.10-win32-x86_64\bin\jli.dll
0x00007ff8b5170000 - 0x00007ff8b5335000 	C:\Windows\System32\USER32.dll
0x00007ff8847c0000 - 0x00007ff884a53000 	C:\Windows\WinSxS\amd64_microsoft.windows.common-controls_6595b64144ccf1df_6.0.26100.8037_none_3e092faae333b53b\COMCTL32.dll
0x00007ff8b2120000 - 0x00007ff8b2147000 	C:\Windows\System32\win32u.dll
0x00007ff8b35e0000 - 0x00007ff8b3689000 	C:\Windows\System32\msvcrt.dll
0x00007ff8b57d0000 - 0x00007ff8b57fb000 	C:\Windows\System32\GDI32.dll
0x00007ff8b2a20000 - 0x00007ff8b2b4b000 	C:\Windows\System32\gdi32full.dll
0x00007ff8b2570000 - 0x00007ff8b2613000 	C:\Windows\System32\msvcp_win.dll
0x00007ff8b5340000 - 0x00007ff8b5371000 	C:\Windows\System32\IMM32.DLL
0x00007ff8a8070000 - 0x00007ff8a807c000 	c:\Users\User\.vscode\extensions\redhat.java-1.54.2026040108-win32-x64\jre\21.0.10-win32-x86_64\bin\vcruntime140_1.dll
0x00007ff841370000 - 0x00007ff8413fd000 	c:\Users\User\.vscode\extensions\redhat.java-1.54.2026040108-win32-x64\jre\21.0.10-win32-x86_64\bin\msvcp140.dll
0x00007ffff48c0000 - 0x00007ffff5661000 	c:\Users\User\.vscode\extensions\redhat.java-1.54.2026040108-win32-x64\jre\21.0.10-win32-x86_64\bin\server\jvm.dll
0x00007ff8b5530000 - 0x00007ff8b55eb000 	C:\Windows\System32\ADVAPI32.dll
0x00007ff8b43b0000 - 0x00007ff8b4457000 	C:\Windows\System32\sechost.dll
0x00007ff8b3e00000 - 0x00007ff8b3f18000 	C:\Windows\System32\RPCRT4.dll
0x00007ff8b5750000 - 0x00007ff8b57c4000 	C:\Windows\System32\WS2_32.dll
0x00007ff8b0ce0000 - 0x00007ff8b0d3e000 	C:\Windows\SYSTEM32\POWRPROF.dll
0x00007ff89b840000 - 0x00007ff89b875000 	C:\Windows\SYSTEM32\WINMM.dll
0x00007ff8a9390000 - 0x00007ff8a939b000 	C:\Windows\SYSTEM32\VERSION.dll
0x00007ff8b0cc0000 - 0x00007ff8b0cd4000 	C:\Windows\SYSTEM32\UMPDC.dll
0x00007ff8b0f90000 - 0x00007ff8b0fab000 	C:\Windows\SYSTEM32\kernel.appcore.dll
0x00007ff8a0440000 - 0x00007ff8a044a000 	c:\Users\User\.vscode\extensions\redhat.java-1.54.2026040108-win32-x64\jre\21.0.10-win32-x86_64\bin\jimage.dll
0x00007ff8afac0000 - 0x00007ff8afd02000 	C:\Windows\SYSTEM32\DBGHELP.DLL
0x00007ff8b4cd0000 - 0x00007ff8b5052000 	C:\Windows\System32\combase.dll
0x00007ff8b49c0000 - 0x00007ff8b4a97000 	C:\Windows\System32\OLEAUT32.dll
0x00007ff8808a0000 - 0x00007ff8808db000 	C:\Windows\SYSTEM32\dbgcore.DLL
0x00007ff8b3530000 - 0x00007ff8b35d5000 	C:\Windows\System32\bcryptPrimitives.dll
0x00007ff8a1010000 - 0x00007ff8a101f000 	c:\Users\User\.vscode\extensions\redhat.java-1.54.2026040108-win32-x64\jre\21.0.10-win32-x86_64\bin\instrument.dll
0x00007ff85d360000 - 0x00007ff85d380000 	c:\Users\User\.vscode\extensions\redhat.java-1.54.2026040108-win32-x64\jre\21.0.10-win32-x86_64\bin\java.dll
0x00007ff8b3690000 - 0x00007ff8b3def000 	C:\Windows\System32\SHELL32.dll
0x00007ff8b33c0000 - 0x00007ff8b352a000 	C:\Windows\System32\wintypes.dll
0x00007ff8b2b50000 - 0x00007ff8b33b4000 	C:\Windows\System32\windows.storage.dll
0x00007ff8b5060000 - 0x00007ff8b5157000 	C:\Windows\System32\SHCORE.dll
0x00007ff8b4840000 - 0x00007ff8b48a7000 	C:\Windows\System32\shlwapi.dll
0x00007ff8b2040000 - 0x00007ff8b2069000 	C:\Windows\SYSTEM32\profapi.dll
0x00007ff85d340000 - 0x00007ff85d358000 	c:\Users\User\.vscode\extensions\redhat.java-1.54.2026040108-win32-x64\jre\21.0.10-win32-x86_64\bin\zip.dll
0x00007ff8a1000000 - 0x00007ff8a1010000 	C:\Users\User\.vscode\extensions\redhat.java-1.54.2026040108-win32-x64\jre\21.0.10-win32-x86_64\bin\net.dll
0x00007ff8a9da0000 - 0x00007ff8a9ec7000 	C:\Windows\SYSTEM32\WINHTTP.dll
0x00007ff8b14e0000 - 0x00007ff8b154b000 	C:\Windows\system32\mswsock.dll
0x00007ff85d080000 - 0x00007ff85d096000 	C:\Users\User\.vscode\extensions\redhat.java-1.54.2026040108-win32-x64\jre\21.0.10-win32-x86_64\bin\nio.dll
0x00007ff89f1e0000 - 0x00007ff89f1f0000 	c:\Users\User\.vscode\extensions\redhat.java-1.54.2026040108-win32-x64\jre\21.0.10-win32-x86_64\bin\verify.dll
0x00007ff8515a0000 - 0x00007ff8515e5000 	C:\Users\User\AppData\Roaming\Code\User\globalStorage\redhat.java\1.54.2026040108\config_win\org.eclipse.equinox.launcher\org.eclipse.equinox.launcher.win32.win32.x86_64_1.3.0.v20260203-2149\eclipse_11919.dll
0x00007ff8b5390000 - 0x00007ff8b5525000 	C:\Windows\System32\ole32.dll
0x00007ff8b1860000 - 0x00007ff8b187b000 	C:\Windows\SYSTEM32\CRYPTSP.dll
0x00007ff8b0ef0000 - 0x00007ff8b0f29000 	C:\Windows\system32\rsaenh.dll
0x00007ff8b15a0000 - 0x00007ff8b15d2000 	C:\Windows\SYSTEM32\USERENV.dll
0x00007ff8b2010000 - 0x00007ff8b203a000 	C:\Windows\SYSTEM32\bcrypt.dll
0x00007ff8b1750000 - 0x00007ff8b175c000 	C:\Windows\SYSTEM32\CRYPTBASE.dll
0x00007ff8b09a0000 - 0x00007ff8b09d3000 	C:\Windows\SYSTEM32\IPHLPAPI.DLL
0x00007ff8b4560000 - 0x00007ff8b456a000 	C:\Windows\System32\NSI.dll
0x00007ff861150000 - 0x00007ff861199000 	C:\Users\User\AppData\Local\Temp\jna-2645995\jna5826497621044288667.dll
0x00007ff8b5160000 - 0x00007ff8b5168000 	C:\Windows\System32\PSAPI.DLL
0x00007ff8aa3f0000 - 0x00007ff8aa40d000 	C:\Windows\SYSTEM32\dhcpcsvc6.DLL
0x00007ff8aa3c0000 - 0x00007ff8aa3e3000 	C:\Windows\SYSTEM32\dhcpcsvc.DLL
0x00007ff8a8470000 - 0x00007ff8a8479000 	C:\Users\User\.vscode\extensions\redhat.java-1.54.2026040108-win32-x64\jre\21.0.10-win32-x86_64\bin\extnet.dll
0x00007ff8b0a80000 - 0x00007ff8b0baa000 	C:\Windows\SYSTEM32\DNSAPI.dll
0x0000000068440000 - 0x000000006844b000 	C:\Program Files\National Instruments\Shared\mDNS Responder\nimdnsNSP.dll
0x0000000068420000 - 0x0000000068431000 	C:\Windows\SYSTEM32\nimdnsResponder.dll
0x00007ff8a93d0000 - 0x00007ff8a93db000 	C:\Windows\System32\rasadhlp.dll
0x00007ff8aa6b0000 - 0x00007ff8aa736000 	C:\Windows\System32\fwpuclnt.dll
0x00007ff8a6d10000 - 0x00007ff8a6d1e000 	C:\Users\User\.vscode\extensions\redhat.java-1.54.2026040108-win32-x64\jre\21.0.10-win32-x86_64\bin\sunmscapi.dll
0x00007ff8b2150000 - 0x00007ff8b22c7000 	C:\Windows\System32\CRYPT32.dll
0x00007ff8b1a40000 - 0x00007ff8b1a70000 	C:\Windows\SYSTEM32\ncrypt.dll
0x00007ff8b19f0000 - 0x00007ff8b1a2f000 	C:\Windows\SYSTEM32\NTASN1.dll

JVMTI agents:
c:\Users\User\.vscode\extensions\redhat.java-1.54.2026040108-win32-x64\lombok\lombok-1.18.39-4050.jar path:c:\Users\User\.vscode\extensions\redhat.java-1.54.2026040108-win32-x64\jre\21.0.10-win32-x86_64\bin\instrument.dll, loaded, initialized, instrumentlib options:none

dbghelp: loaded successfully - version: 4.0.5 - missing functions: none
symbol engine: initialized successfully - sym options: 0x614 - pdb path: .;c:\Users\User\.vscode\extensions\redhat.java-1.54.2026040108-win32-x64\jre\21.0.10-win32-x86_64\bin;C:\Windows\SYSTEM32;C:\Windows\WinSxS\amd64_microsoft.windows.common-controls_6595b64144ccf1df_6.0.26100.8037_none_3e092faae333b53b;c:\Users\User\.vscode\extensions\redhat.java-1.54.2026040108-win32-x64\jre\21.0.10-win32-x86_64\bin\server;C:\Users\User\AppData\Roaming\Code\User\globalStorage\redhat.java\1.54.2026040108\config_win\org.eclipse.equinox.launcher\org.eclipse.equinox.launcher.win32.win32.x86_64_1.3.0.v20260203-2149;C:\Users\User\AppData\Local\Temp\jna-2645995;C:\Program Files\National Instruments\Shared\mDNS Responder

VM Arguments:
jvm_args: --add-modules=ALL-SYSTEM --add-opens=java.base/java.util=ALL-UNNAMED --add-opens=java.base/java.lang=ALL-UNNAMED --add-opens=java.base/sun.nio.fs=ALL-UNNAMED -Declipse.application=org.eclipse.jdt.ls.core.id1 -Dosgi.bundles.defaultStartLevel=4 -Declipse.product=org.eclipse.jdt.ls.core.product -Djava.import.generatesMetadataFilesAtProjectRoot=false -DDetectVMInstallationsJob.disabled=true -Dfile.encoding=utf8 -XX:+UseParallelGC -XX:GCTimeRatio=4 -XX:AdaptiveSizePolicyWeight=90 -Dsun.zip.disableMemoryMapping=true -Xmx2G -Xms100m -Xlog:disable -javaagent:c:\Users\User\.vscode\extensions\redhat.java-1.54.2026040108-win32-x64\lombok\lombok-1.18.39-4050.jar -XX:+HeapDumpOnOutOfMemoryError -XX:HeapDumpPath=c:\Users\User\AppData\Roaming\Code\User\workspaceStorage\74d50dded580b8e8acf5af71cee718b3\redhat.java -Daether.dependencyCollector.impl=bf -XX:+UnlockDiagnosticVMOptions -XX:+AllowArchivingWithJavaAgent -XX:+AutoCreateSharedArchive -XX:SharedArchiveFile=c:\Users\User\AppData\Roaming\Code\User\globalStorage\redhat.java\1.54.2026040108\jdtls.jsa 
java_command: c:\Users\User\.vscode\extensions\redhat.java-1.54.2026040108-win32-x64\server\plugins\org.eclipse.equinox.launcher_1.7.100.v20251111-0406.jar -configuration c:\Users\User\AppData\Roaming\Code\User\globalStorage\redhat.java\1.54.2026040108\config_win -data c:\Users\User\AppData\Roaming\Code\User\workspaceStorage\74d50dded580b8e8acf5af71cee718b3\redhat.java\jdt_ws --pipe=\\.\pipe\lsp-08fa1cc165caf64f943f618fb18e234b-sock
java_class_path (initial): c:\Users\User\.vscode\extensions\redhat.java-1.54.2026040108-win32-x64\server\plugins\org.eclipse.equinox.launcher_1.7.100.v20251111-0406.jar
Launcher Type: SUN_STANDARD

[Global flags]
    uintx AdaptiveSizePolicyWeight                 = 90                                        {product} {command line}
     bool AllowArchivingWithJavaAgent              = true                             {JVMCI diagnostic} {command line}
     bool AutoCreateSharedArchive                  = false                               {JVMCI product} {command line}
     intx CICompilerCount                          = 12                                        {product} {ergonomic}
    uintx GCTimeRatio                              = 4                                         {product} {command line}
     bool HeapDumpOnOutOfMemoryError               = true                                   {manageable} {command line}
    ccstr HeapDumpPath                             = c:\Users\User\AppData\Roaming\Code\User\workspaceStorage\74d50dded580b8e8acf5af71cee718b3\redhat.java         {manageable} {command line}
   size_t InitialHeapSize                          = 104857600                                 {product} {command line}
   size_t MaxHeapSize                              = 2147483648                                {product} {command line}
   size_t MaxNewSize                               = 715653120                                 {product} {ergonomic}
   size_t MinHeapDeltaBytes                        = 524288                                    {product} {ergonomic}
   size_t MinHeapSize                              = 104857600                                 {product} {command line}
   size_t NewSize                                  = 34603008                                  {product} {ergonomic}
    uintx NonNMethodCodeHeapSize                   = 7602480                                {pd product} {ergonomic}
    uintx NonProfiledCodeHeapSize                  = 122027880                              {pd product} {ergonomic}
   size_t OldSize                                  = 70254592                                  {product} {ergonomic}
    uintx ProfiledCodeHeapSize                     = 122027880                              {pd product} {ergonomic}
    uintx ReservedCodeCacheSize                    = 251658240                              {pd product} {ergonomic}
     bool SegmentedCodeCache                       = true                                      {product} {ergonomic}
    ccstr SharedArchiveFile                        = c:\Users\User\AppData\Roaming\Code\User\globalStorage\redhat.java\1.54.2026040108\jdtls.jsa      {JVMCI product} {command line}
   size_t SoftMaxHeapSize                          = 2147483648                             {manageable} {ergonomic}
     bool UnlockDiagnosticVMOptions                = true                                   {diagnostic} {command line}
     bool UseCompressedOops                        = true                           {product lp64_product} {ergonomic}
     bool UseLargePagesIndividualAllocation        = false                                  {pd product} {ergonomic}
     bool UseParallelGC                            = true                                      {product} {command line}

Logging:
Log output configuration:
 #0: stdout all=off uptime,level,tags foldmultilines=false
 #1: stderr all=off uptime,level,tags foldmultilines=false

Release file:
JAVA_VERSION="21.0.10" 
MODULES="java.base java.compiler java.datatransfer java.xml java.prefs java.desktop java.instrument java.logging java.management java.security.sasl java.naming java.rmi java.management.rmi java.net.http java.scripting java.security.jgss java.transaction.xa java.sql java.sql.rowset java.xml.crypto java.se java.smartcardio jdk.accessibility jdk.internal.jvmstat jdk.attach jdk.charsets jdk.internal.opt jdk.zipfs jdk.compiler jdk.crypto.ec jdk.crypto.cryptoki jdk.crypto.mscapi jdk.dynalink jdk.internal.ed jdk.editpad jdk.hotspot.agent jdk.httpserver jdk.internal.le jdk.internal.vm.ci jdk.internal.vm.compiler jdk.internal.vm.compiler.management jdk.jartool jdk.javadoc jdk.jcmd jdk.management jdk.management.agent jdk.jconsole jdk.jdeps jdk.jdwp.agent jdk.jdi jdk.jfr jdk.jshell jdk.jsobject jdk.jstatd jdk.localedata jdk.management.jfr jdk.naming.dns jdk.naming.rmi jdk.net jdk.nio.mapmode jdk.random jdk.sctp jdk.security.auth jdk.security.jgss jdk.unsupported jdk.unsupported.desktop jdk.xml.dom" 

Environment Variables:
PATH=C:\Users\User\AppData\Local\Programs\Microsoft VS Code;C:\Program Files\Eclipse Adoptium\jdk-21.0.10.7-hotspot\bin;C:\Program Files\National Instruments\Shared\OpenVINO\;C:\Windows\system32;C:\Windows;C:\Windows\System32\Wbem;C:\Windows\System32\WindowsPowerShell\v1.0\;C:\Windows\System32\OpenSSH\;C:\Program Files (x86)\NVIDIA Corporation\PhysX\Common;C:\Program Files\NVIDIA Corporation\NVIDIA NvDLISR;C:\Program Files\dotnet\;C:\Program Files (x86)\IVI Foundation\VISA\WinNT\Bin\;C:\Program Files\IVI Foundation\VISA\Win64\Bin\;C:\Program Files (x86)\National Instruments\Shared\LabVIEW CLI;C:\Program Files (x86)\IVI Foundation\VISA\WinNT\Bin;C:\Program Files (x86)\IVI Foundation\IVI\Bin\;C:\Program Files\IVI Foundation\IVI\Bin\;C:\Users\User\Desktop\New folder\bin;C:\Program Files (x86)\Windows Kits\10\Windows Performance Toolkit\;C:\Program Files\Git\cmd;C:\Program Files (x86)\Windows Kits\8.1\Windows Performance Toolkit\;C:\Program Files\nodejs\;C:\ProgramData\chocolatey\bin;C:\Users\User\AppData\Local\Microsoft\WindowsApps;C:\Users\User\AppData\Local\Programs\Microsoft VS Code\bin;C:\Users\User\AppData\Local\Programs\Windsurf\bin;C:\Users\User\AppData\Roaming\npm
USERNAME=User
OS=Windows_NT
PROCESSOR_IDENTIFIER=Intel64 Family 6 Model 183 Stepping 1, GenuineIntel
TMP=C:\Users\User\AppData\Local\Temp
TEMP=C:\Users\User\AppData\Local\Temp




Periodic native trim disabled

---------------  S Y S T E M  ---------------

OS:
 Windows 11 , 64 bit Build 26100 (10.0.26100.7920)
OS uptime: 0 days 3:18 hours
Hyper-V role detected

CPU: total 16 (initial active 16) (8 cores per cpu, 2 threads per core) family 6 model 183 stepping 1 microcode 0x129, cx8, cmov, fxsr, ht, mmx, 3dnowpref, sse, sse2, sse3, ssse3, sse4.1, sse4.2, popcnt, lzcnt, tsc, tscinvbit, avx, avx2, aes, erms, clmul, bmi1, bmi2, adx, sha, fma, vzeroupper, clflush, clflushopt, clwb, hv, serialize, rdtscp, rdpid, fsrm, f16c, cet_ibt, cet_ss
Processor Information for processor 0
  Max Mhz: 2400, Current Mhz: 1520, Mhz Limit: 2400
Processor Information for processor 1
  Max Mhz: 2400, Current Mhz: 2400, Mhz Limit: 2400
Processor Information for processor 2
  Max Mhz: 2400, Current Mhz: 2400, Mhz Limit: 2400
Processor Information for processor 3
  Max Mhz: 2400, Current Mhz: 1520, Mhz Limit: 2400
Processor Information for processor 4
  Max Mhz: 2400, Current Mhz: 2400, Mhz Limit: 2400
Processor Information for processor 5
  Max Mhz: 2400, Current Mhz: 1520, Mhz Limit: 2400
Processor Information for processor 6
  Max Mhz: 2400, Current Mhz: 2400, Mhz Limit: 2400
Processor Information for processor 7
  Max Mhz: 2400, Current Mhz: 1520, Mhz Limit: 2400
Processor Information for processor 8
  Max Mhz: 2400, Current Mhz: 1520, Mhz Limit: 2400
Processor Information for processor 9
  Max Mhz: 2400, Current Mhz: 1520, Mhz Limit: 2400
Processor Information for processor 10
  Max Mhz: 2400, Current Mhz: 1520, Mhz Limit: 2400
Processor Information for processor 11
  Max Mhz: 2400, Current Mhz: 1520, Mhz Limit: 2400
Processor Information for processor 12
  Max Mhz: 2400, Current Mhz: 1466, Mhz Limit: 2400
Processor Information for processor 13
  Max Mhz: 2400, Current Mhz: 1466, Mhz Limit: 2400
Processor Information for processor 14
  Max Mhz: 2400, Current Mhz: 1466, Mhz Limit: 2400
Processor Information for processor 15
  Max Mhz: 2400, Current Mhz: 1466, Mhz Limit: 2400

Memory: 4k page, system-wide physical 16088M (705M free)
TotalPageFile size 65240M (AvailPageFile size 4M)
current process WorkingSet (physical memory assigned to process): 366M, peak: 613M
current process commit charge ("private bytes"): 785M, peak: 788M

vm_info: OpenJDK 64-Bit Server VM (21.0.10+7-LTS) for windows-amd64 JRE (21.0.10+7-LTS), built on 2026-01-20T00:00:00Z by "admin" with MS VC++ 17.12 (VS2022)

END.
